#
# There is insufficient memory for the Java Runtime Environment to continue.
# Native memory allocation (malloc) failed to allocate 491616 bytes for Chunk::new
# Possible reasons:
#   The system is out of physical RAM or swap space
#   In 32 bit mode, the process size limit was hit
# Possible solutions:
#   Reduce memory load on the system
#   Increase physical memory or swap space
#   Check if swap backing store is full
#   Use 64 bit Java on a 64 bit OS
#   Decrease Java heap size (-Xmx/-Xms)
#   Decrease number of Java threads
#   Decrease Java thread stack sizes (-Xss)
#   Set larger code cache with -XX:ReservedCodeCacheSize=
# This output file may be truncated or incomplete.
#
#  Out of Memory Error (allocation.cpp:390), pid=10364, tid=10568
#
# JRE version: Java(TM) SE Runtime Environment (8.0_91-b15) (build 1.8.0_91-b15)
# Java VM: Java HotSpot(TM) 64-Bit Server VM (25.91-b15 mixed mode windows-amd64 compressed oops)
# Failed to write core dump. Minidumps are not enabled by default on client versions of Windows
#

---------------  T H R E A D  ---------------

Current thread (0x00000000567af000):  JavaThread "C2 CompilerThread2" daemon [_thread_in_native, id=10568, stack(0x0000000058040000,0x0000000058140000)]

Stack: [0x0000000058040000,0x0000000058140000]
[error occurred during error reporting (printing stack bounds), id 0xc0000005]

Native frames: (J=compiled Java code, j=interpreted, Vv=VM code, C=native code)


Current CompileTask:
C2:   2570  749       4       com.android.dx.ssa.NormalSsaInsn::accept (25 bytes)


---------------  P R O C E S S  ---------------

Java Threads: ( => current thread )
  0x000000005870d000 JavaThread "pool-2-thread-4" [_thread_blocked, id=10624, stack(0x00000000593c0000,0x00000000594c0000)]
  0x000000005870a800 JavaThread "pool-2-thread-3" [_thread_blocked, id=10620, stack(0x00000000592a0000,0x00000000593a0000)]
  0x00000000586fd800 JavaThread "pool-2-thread-2" [_thread_in_Java, id=10612, stack(0x0000000058ea0000,0x0000000058fa0000)]
  0x0000000056a0f800 JavaThread "pool-3-thread-1" [_thread_blocked, id=10604, stack(0x00000000590c0000,0x00000000591c0000)]
  0x0000000056a12000 JavaThread "pool-2-thread-1" [_thread_blocked, id=10600, stack(0x0000000058fb0000,0x00000000590b0000)]
  0x0000000056833000 JavaThread "Service Thread" daemon [_thread_blocked, id=10576, stack(0x00000000582d0000,0x00000000583d0000)]
  0x00000000567b8800 JavaThread "C1 CompilerThread3" daemon [_thread_blocked, id=10572, stack(0x0000000058190000,0x0000000058290000)]
=>0x00000000567af000 JavaThread "C2 CompilerThread2" daemon [_thread_in_native, id=10568, stack(0x0000000058040000,0x0000000058140000)]
  0x00000000567a8000 JavaThread "C2 CompilerThread1" daemon [_thread_blocked, id=10564, stack(0x0000000057a80000,0x0000000057b80000)]
  0x000000005679e800 JavaThread "C2 CompilerThread0" daemon [_thread_blocked, id=10560, stack(0x0000000057f00000,0x0000000058000000)]
  0x000000005679d800 JavaThread "Attach Listener" daemon [_thread_blocked, id=10556, stack(0x0000000057d30000,0x0000000057e30000)]
  0x000000005679b000 JavaThread "Signal Dispatcher" daemon [_thread_blocked, id=10552, stack(0x0000000057b90000,0x0000000057c90000)]
  0x0000000055910000 JavaThread "Finalizer" daemon [_thread_blocked, id=10500, stack(0x00000000576e0000,0x00000000577e0000)]
  0x0000000055909000 JavaThread "Reference Handler" daemon [_thread_blocked, id=10496, stack(0x0000000057970000,0x0000000057a70000)]
  0x0000000001d1e800 JavaThread "main" [_thread_in_native, id=10412, stack(0x00000000023d0000,0x00000000024d0000)]

Other Threads:
  0x0000000055900800 VMThread [stack: 0x00000000577f0000,0x00000000578f0000] [id=10492]
  0x000000005685c000 WatcherThread [stack: 0x0000000058580000,0x0000000058680000] [id=10580]

VM state:not at safepoint (normal execution)

VM Mutex/Monitor currently owned by a thread: None

Heap:
 PSYoungGen      total 28672K, used 20048K [0x00000000eab00000, 0x00000000ecb00000, 0x0000000100000000)
  eden space 24576K, 81% used [0x00000000eab00000,0x00000000ebe940d0,0x00000000ec300000)
  from space 4096K, 0% used [0x00000000ec700000,0x00000000ec700000,0x00000000ecb00000)
  to   space 4096K, 0% used [0x00000000ec300000,0x00000000ec300000,0x00000000ec700000)
 ParOldGen       total 65536K, used 0K [0x00000000c0000000, 0x00000000c4000000, 0x00000000eab00000)
  object space 65536K, 0% used [0x00000000c0000000,0x00000000c0000000,0x00000000c4000000)
 Metaspace       used 5665K, capacity 6640K, committed 6784K, reserved 1056768K
  class space    used 590K, capacity 616K, committed 640K, reserved 1048576K

Card table byte_map: [0x0000000011b60000,0x0000000011d70000] byte_map_base: 0x0000000011560000

Marking Bits: (ParMarkBitMap*) 0x00000000702f2f70
 Begin Bits: [0x0000000012d20000, 0x0000000013d20000)
 End Bits:   [0x0000000013d20000, 0x0000000014d20000)

Polling page: 0x0000000000140000

CodeCache: size=245760Kb used=3227Kb max_used=3227Kb free=242532Kb
 bounds [0x00000000027a0000, 0x0000000002ad0000, 0x00000000117a0000]
 total_blobs=1086 nmethods=820 adapters=180
 compilation: enabled

Compilation events (10 events):
Event: 2.497 Thread 0x00000000567b8800  733       3       com.android.dx.util.IntList::makeImmutable (20 bytes)
Event: 2.497 Thread 0x00000000567b8800 nmethod 733 0x0000000002a8b390 code [0x0000000002a8b500, 0x0000000002a8b858]
Event: 2.497 Thread 0x00000000567b8800  732       3       com.android.dx.dex.code.OutputFinisher::hasLocalInfo (75 bytes)
Event: 2.498 Thread 0x00000000567b8800 nmethod 732 0x0000000002a8b950 code [0x0000000002a8bb60, 0x0000000002a8c938]
Event: 2.498 Thread 0x00000000567b8800  735       3       com.android.dx.ssa.back.FirstFitLocalCombiningAllocator::getAlignment (32 bytes)
Event: 2.499 Thread 0x00000000567b8800 nmethod 735 0x0000000002a8cdd0 code [0x0000000002a8cf40, 0x0000000002a8d210]
Event: 2.499 Thread 0x00000000567b8800  731       3       com.android.dx.rop.code.BasicBlockList$RegCountVisitor::visitPlainCstInsn (6 bytes)
Event: 2.499 Thread 0x00000000567b8800 nmethod 731 0x0000000002a8d2d0 code [0x0000000002a8d440, 0x0000000002a8d5c8]
Event: 2.499 Thread 0x00000000567b8800  753       1       com.android.dx.dex.code.LocalSnapshot::getLocals (5 bytes)
Event: 2.499 Thread 0x00000000567b8800 nmethod 753 0x0000000002a61290 code [0x0000000002a613e0, 0x0000000002a614f0]

GC Heap History (0 events):
No events

Deoptimization events (8 events):
Event: 1.470 Thread 0x000000005870a800 Uncommon trap: reason=unstable_if action=reinterpret pc=0x00000000029f2ba4 method=java.util.BitSet.ensureCapacity(I)V @ 6
Event: 1.470 Thread 0x000000005870a800 Uncommon trap: reason=unstable_if action=reinterpret pc=0x00000000029b3ca0 method=java.util.BitSet.nextSetBit(I)I @ 87
Event: 1.474 Thread 0x000000005870a800 Uncommon trap: reason=unstable_if action=reinterpret pc=0x00000000029a918c method=java.util.HashMap.getNode(ILjava/lang/Object;)Ljava/util/HashMap$Node; @ 129
Event: 1.479 Thread 0x000000005870a800 Uncommon trap: reason=class_check action=maybe_recompile pc=0x00000000029ef120 method=com.android.dx.ssa.NormalSsaInsn.accept(Lcom/android/dx/ssa/SsaInsn$Visitor;)V @ 9
Event: 1.494 Thread 0x000000005870a800 Uncommon trap: reason=class_check action=maybe_recompile pc=0x0000000002a1dd80 method=com.android.dx.ssa.NormalSsaInsn.accept(Lcom/android/dx/ssa/SsaInsn$Visitor;)V @ 9
Event: 2.455 Thread 0x0000000056a12000 Uncommon trap: reason=class_check action=maybe_recompile pc=0x0000000002a1dd80 method=com.android.dx.ssa.NormalSsaInsn.accept(Lcom/android/dx/ssa/SsaInsn$Visitor;)V @ 9
Event: 2.455 Thread 0x0000000056a12000 Uncommon trap: reason=class_check action=maybe_recompile pc=0x0000000002a1dd80 method=com.android.dx.ssa.NormalSsaInsn.accept(Lcom/android/dx/ssa/SsaInsn$Visitor;)V @ 9
Event: 2.455 Thread 0x0000000056a12000 Uncommon trap: reason=class_check action=maybe_recompile pc=0x00000000029ef120 method=com.android.dx.ssa.NormalSsaInsn.accept(Lcom/android/dx/ssa/SsaInsn$Visitor;)V @ 9

Internal exceptions (2 events):
Event: 0.135 Thread 0x0000000001d1e800 Exception <a 'java/lang/NoSuchMethodError': Method sun.misc.Unsafe.defineClass(Ljava/lang/String;[BII)Ljava/lang/Class; name or signature does not match> (0x00000000eab07cc0) thrown at [C:\re\workspace\8-2-build-windows-amd64-cygwin\jdk8u91\7017\hotspot\srYä&º˜MÁ?
Event: 0.135 Thread 0x0000000001d1e800 Exception <a 'java/lang/NoSuchMethodError': Method sun.misc.Unsafe.prefetchRead(Ljava/lang/Object;J)V name or signature does not match> (0x00000000eab07fa8) thrown at [C:\re\workspace\8-2-build-windows-amd64-cygwin\jdk8u91\7017\hotspot\src\share\vm\prims\j

Events (10 events):
Event: 1.494 Thread 0x000000005870a800 DEOPT UNPACKING pc=0x00000000027e582a sp=0x000000005939e600 mode 2
Event: 2.455 Thread 0x0000000056a12000 Uncommon trap: trap_request=0xffffffde fr.pc=0x0000000002a1dd80
Event: 2.455 Thread 0x0000000056a12000 DEOPT PACKING pc=0x0000000002a1dd80 sp=0x00000000590ae6b0
Event: 2.455 Thread 0x0000000056a12000 DEOPT UNPACKING pc=0x00000000027e582a sp=0x00000000590ae5f0 mode 2
Event: 2.455 Thread 0x0000000056a12000 Uncommon trap: trap_request=0xffffffde fr.pc=0x0000000002a1dd80
Event: 2.455 Thread 0x0000000056a12000 DEOPT PACKING pc=0x0000000002a1dd80 sp=0x00000000590ae400
Event: 2.455 Thread 0x0000000056a12000 DEOPT UNPACKING pc=0x00000000027e582a sp=0x00000000590ae340 mode 2
Event: 2.455 Thread 0x0000000056a12000 Uncommon trap: trap_request=0xffffffde fr.pc=0x00000000029ef120
Event: 2.455 Thread 0x0000000056a12000 DEOPT PACKING pc=0x00000000029ef120 sp=0x00000000590ae2a0
Event: 2.455 Thread 0x0000000056a12000 DEOPT UNPACKING pc=0x00000000027e582a sp=0x00000000590ae240 mode 2


Dynamic libraries:
0x000000013fa80000 - 0x000000013fab7000 	C:\Java\jdk1.8.0_91\bin\java.exe
0x00000000779a0000 - 0x0000000077b49000 	C:\Windows\SYSTEM32\ntdll.dll
0x0000000077780000 - 0x000000007789f000 	C:\Windows\system32\kernel32.dll
0x000007fefdb90000 - 0x000007fefdbfb000 	C:\Windows\system32\KERNELBASE.dll
0x000007fefe880000 - 0x000007fefe95b000 	C:\Windows\system32\ADVAPI32.dll
0x000007feff9f0000 - 0x000007feffa8f000 	C:\Windows\system32\msvcrt.dll
0x000007fefead0000 - 0x000007fefeaef000 	C:\Windows\SYSTEM32\sechost.dll
0x000007fefe420000 - 0x000007fefe54d000 	C:\Windows\system32\RPCRT4.dll
0x00000000778a0000 - 0x000000007799a000 	C:\Windows\system32\USER32.dll
0x000007fefdf20000 - 0x000007fefdf87000 	C:\Windows\system32\GDI32.dll
0x000007feffca0000 - 0x000007feffcae000 	C:\Windows\system32\LPK.dll
0x000007fefe960000 - 0x000007fefea29000 	C:\Windows\system32\USP10.dll
0x000007fefbfa0000 - 0x000007fefc194000 	C:\Windows\WinSxS\amd64_microsoft.windows.common-controls_6595b64144ccf1df_6.0.7601.17514_none_fa396087175ac9ac\COMCTL32.dll
0x000007fefe2c0000 - 0x000007fefe331000 	C:\Windows\system32\SHLWAPI.dll
0x000007fefeaf0000 - 0x000007fefeb1e000 	C:\Windows\system32\IMM32.DLL
0x000007fefdf90000 - 0x000007fefe099000 	C:\Windows\system32\MSCTF.dll
0x0000000077f20000 - 0x0000000077ff2000 	C:\Java\jdk1.8.0_91\jre\bin\msvcr100.dll
0x000000006fae0000 - 0x0000000070373000 	C:\Java\jdk1.8.0_91\jre\bin\server\jvm.dll
0x000007fef0ae0000 - 0x000007fef0ae9000 	C:\Windows\system32\WSOCK32.dll
0x000007feff9a0000 - 0x000007feff9ed000 	C:\Windows\system32\WS2_32.dll
0x000007feff990000 - 0x000007feff998000 	C:\Windows\system32\NSI.dll
0x000007fefad00000 - 0x000007fefad3b000 	C:\Windows\system32\WINMM.dll
0x000007fefca30000 - 0x000007fefca3c000 	C:\Windows\system32\VERSION.dll
0x0000000077b60000 - 0x0000000077b67000 	C:\Windows\system32\PSAPI.DLL
0x000000006e250000 - 0x000000006e25f000 	C:\Java\jdk1.8.0_91\jre\bin\verify.dll
0x00000000681b0000 - 0x00000000681d9000 	C:\Java\jdk1.8.0_91\jre\bin\java.dll
0x0000000068220000 - 0x0000000068236000 	C:\Java\jdk1.8.0_91\jre\bin\zip.dll
0x000007fefeb20000 - 0x000007feff8a8000 	C:\Windows\system32\SHELL32.dll
0x000007feffa90000 - 0x000007feffc93000 	C:\Windows\system32\ole32.dll
0x000007fefd8f0000 - 0x000007fefd8ff000 	C:\Windows\system32\profapi.dll

VM Arguments:
jvm_args: -Djava.awt.headless=true -Xmx1024M -Dfile.encoding=windows-1251 -Duser.country=RU -Duser.language=ru -Duser.variant 
java_command: com.android.dx.command.Main --dex --force-jumbo --num-threads=4 --multi-dex --output D:\Dropbox\BestBefore\app\build\intermediates\transforms\dex\debug\folders\1000\10\internal_impl-23.1.1_70a550a7674128fbb3ca8d9c89463a87091e4e83 D:\Dropbox\BestBefore\app\build\intermediates\exploded-aar\com.android.support\support-v4\23.1.1\jars\libs\internal_impl-23.1.1.jar
java_class_path (initial): G:\ANDROID\SDK\build-tools\23.0.3\lib\dx.jar
Launcher Type: SUN_STANDARD

Environment Variables:
JAVA_HOME=C:\Java\jdk1.7.0_79
PATH=C:\ProgramData\Oracle\Java\javapath;C:\Program Files (x86)\NVIDIA Corporation\PhysX\Common;C:\Windows\system32;C:\Windows;C:\Windows\System32\Wbem;C:\Windows\System32\WindowsPowerShell\v1.0\;C:\Program Files\Microsoft SQL Server\110\Tools\Binn\;C:\Program Files (x86)\Common Files\Avid;C:\Program Files\Common Files\Avid;C:\Program Files (x86)\Skype\Phone\;C:\Program Files (x86)\Microsoft SQL Server\110\Tools\Binn\;C:\Program Files\Microsoft SQL Server\110\DTS\Binn\;C:\Program Files (x86)\Microsoft SQL Server\110\Tools\Binn\ManagementStudio\;C:\Program Files (x86)\Microsoft Visual Studio 10.0\Common7\IDE\PrivateAssemblies\;C:\Program Files (x86)\Microsoft SQL Server\110\DTS\Binn\;C:\Java\jdk1.7.0_79\bin;C:\Program Files\apache-maven-3.3.9\bin
USERNAME=Ivan
OS=Windows_NT
PROCESSOR_IDENTIFIER=Intel64 Family 6 Model 26 Stepping 5, GenuineIntel



---------------  S Y S T E M  ---------------

OS: Windows 7 , 64 bit Build 7601 (6.1.7601.17514)

CPU:total 8 (4 cores per cpu, 2 threads per core) family 6 model 26 stepping 5, cmov, cx8, fxsr, mmx, sse, sse2, sse3, ssse3, sse4.1, sse4.2, popcnt, ht, tsc, tscinvbit, tscinv

Memory: 4k page, physical 6282352k(74508k free), swap 12747664k(4720k free)

vm_info: Java HotSpot(TM) 64-Bit Server VM (25.91-b15) for windows-amd64 JRE (1.8.0_91-b15), built on May 20 2016 17:43:15 by "java_re" with MS VC++ 10.0 (VS2010)

time: Thu Jul 07 17:33:15 2016
elapsed time: 2 seconds (0d 0h 0m 2s)

