#
# There is insufficient memory for the Java Runtime Environment to continue.
# Native memory allocation (malloc) failed to allocate 32784 bytes for Chunk::new
# Possible reasons:
#   The system is out of physical RAM or swap space
#   In 32 bit mode, the process size limit was hit
# Possible solutions:
#   Reduce memory load on the system
#   Increase physical memory or swap space
#   Check if swap backing store is full
#   Use 64 bit Java on a 64 bit OS
#   Decrease Java heap size (-Xmx/-Xms)
#   Decrease number of Java threads
#   Decrease Java thread stack sizes (-Xss)
#   Set larger code cache with -XX:ReservedCodeCacheSize=
# This output file may be truncated or incomplete.
#
#  Out of Memory Error (allocation.cpp:390), pid=10328, tid=10516
#
# JRE version: Java(TM) SE Runtime Environment (8.0_91-b15) (build 1.8.0_91-b15)
# Java VM: Java HotSpot(TM) 64-Bit Server VM (25.91-b15 mixed mode windows-amd64 compressed oops)
# Failed to write core dump. Minidumps are not enabled by default on client versions of Windows
#

---------------  T H R E A D  ---------------

Current thread (0x0000000056745000):  JavaThread "C2 CompilerThread1" daemon [_thread_in_native, id=10516, stack(0x0000000057f60000,0x0000000058060000)]

Stack: [0x0000000057f60000,0x0000000058060000]
[error occurred during error reporting (printing stack bounds), id 0xc0000005]

Native frames: (J=compiled Java code, j=interpreted, Vv=VM code, C=native code)


Current CompileTask:
C2:   2570  886       4       com.android.dx.ssa.RegisterMapper::map (63 bytes)


---------------  P R O C E S S  ---------------

Java Threads: ( => current thread )
  0x0000000058dd8000 JavaThread "pool-2-thread-4" [_thread_blocked, id=10628, stack(0x0000000059480000,0x0000000059580000)]
  0x0000000056a7b000 JavaThread "pool-2-thread-3" [_thread_blocked, id=10616, stack(0x00000000589b0000,0x0000000058ab0000)]
  0x0000000056a64800 JavaThread "pool-2-thread-2" [_thread_blocked, id=10608, stack(0x0000000058860000,0x0000000058960000)]
  0x0000000056923000 JavaThread "pool-3-thread-1" [_thread_blocked, id=10596, stack(0x00000000583a0000,0x00000000584a0000)]
  0x0000000056922800 JavaThread "pool-2-thread-1" [_thread_blocked, id=10592, stack(0x0000000058760000,0x0000000058860000)]
  0x00000000567bd000 JavaThread "Service Thread" daemon [_thread_blocked, id=10528, stack(0x00000000584d0000,0x00000000585d0000)]
  0x00000000567b1000 JavaThread "C1 CompilerThread3" daemon [_thread_blocked, id=10524, stack(0x00000000582a0000,0x00000000583a0000)]
  0x000000005674c000 JavaThread "C2 CompilerThread2" daemon [_thread_blocked, id=10520, stack(0x00000000580f0000,0x00000000581f0000)]
=>0x0000000056745000 JavaThread "C2 CompilerThread1" daemon [_thread_in_native, id=10516, stack(0x0000000057f60000,0x0000000058060000)]
  0x000000005673f000 JavaThread "C2 CompilerThread0" daemon [_thread_blocked, id=10512, stack(0x0000000057bf0000,0x0000000057cf0000)]
  0x000000005673d800 JavaThread "Attach Listener" daemon [_thread_blocked, id=10508, stack(0x0000000057da0000,0x0000000057ea0000)]
  0x000000005673b800 JavaThread "Signal Dispatcher" daemon [_thread_blocked, id=10504, stack(0x0000000057650000,0x0000000057750000)]
  0x00000000557a0000 JavaThread "Finalizer" daemon [_thread_blocked, id=10488, stack(0x0000000057ac0000,0x0000000057bc0000)]
  0x0000000055799000 JavaThread "Reference Handler" daemon [_thread_blocked, id=10484, stack(0x0000000057970000,0x0000000057a70000)]
  0x00000000022ce800 JavaThread "main" [_thread_in_native, id=10408, stack(0x00000000022e0000,0x00000000023e0000)]

Other Threads:
  0x00000000566f3800 VMThread [stack: 0x0000000057800000,0x0000000057900000] [id=10480]
  0x00000000567c4000 WatcherThread [stack: 0x0000000058600000,0x0000000058700000] [id=10532]

VM state:at safepoint (normal execution)

VM Mutex/Monitor currently owned by a thread:  ([mutex/lock_event])
[0x00000000022cb980] OopMapCacheAlloc_lock - owner thread: 0x0000000002155800
[0x00000000022cc4b0] Threads_lock - owner thread: 0x00000000566f3800
[0x00000000022cc9b0] Heap_lock - owner thread: 0x0000000056922800
[0x00000000022ccf30] MethodData_lock - owner thread: 0x0000000056922800

Heap:
 PSYoungGen      total 28672K, used 22922K [0x00000000eab00000, 0x00000000ecb00000, 0x0000000100000000)
  eden space 24576K, 93% used [0x00000000eab00000,0x00000000ec162880,0x00000000ec300000)
  from space 4096K, 0% used [0x00000000ec700000,0x00000000ec700000,0x00000000ecb00000)
  to   space 4096K, 6% used [0x00000000ec300000,0x00000000ec340000,0x00000000ec700000)
 ParOldGen       total 65536K, used 0K [0x00000000c0000000, 0x00000000c4000000, 0x00000000eab00000)
  object space 65536K, 0% used [0x00000000c0000000,0x00000000c0000000,0x00000000c4000000)
 Metaspace       used 5769K, capacity 6704K, committed 6784K, reserved 1060864K
  class space    used 591K, capacity 616K, committed 640K, reserved 1048576K

Card table byte_map: [0x0000000011b80000,0x0000000011d90000] byte_map_base: 0x0000000011580000

Marking Bits: (ParMarkBitMap*) 0x00000000702f2f70
 Begin Bits: [0x0000000012bb0000, 0x0000000013bb0000)
 End Bits:   [0x0000000013bb0000, 0x0000000014bb0000)

Polling page: 0x0000000000240000

CodeCache: size=245760Kb used=3435Kb max_used=3440Kb free=242324Kb
 bounds [0x00000000027c0000, 0x0000000002b20000, 0x00000000117c0000]
 total_blobs=1150 nmethods=880 adapters=180
 compilation: disabled (not enough contiguous free space left)

Compilation events (10 events):
Event: 2.522 Thread 0x000000005674c000 nmethod 932 0x0000000002aef890 code [0x0000000002aef9c0, 0x0000000002aefa58]
Event: 2.522 Thread 0x000000005674c000  929  s    4       java.util.Stack::pop (19 bytes)
Event: 2.523 Thread 0x00000000567b1000 nmethod 928 0x0000000002b18fd0 code [0x0000000002b194c0, 0x0000000002b1cbd8]
Event: 2.523 Thread 0x00000000567b1000  939       2       com.android.dx.ssa.SsaMethod::forEachInsn (36 bytes)
Event: 2.523 Thread 0x00000000567b1000 nmethod 939 0x0000000002b141d0 code [0x0000000002b14360, 0x0000000002b14638]
Event: 2.523 Thread 0x00000000567b1000  937       3       com.android.dx.ssa.SCCP::simulatePhi (169 bytes)
Event: 2.523 Thread 0x000000005673f000 

Event: 2.523 Thread 0x000000005673f000  931  s    4       java.util.Vector::removeElementAt (115 bytes)
Event: 2.525 Thread 0x000000005674c000 

Event: 2.525 Thread 0x000000005673f000 


GC Heap History (0 events):
No events

Deoptimization events (3 events):
Event: 1.681 Thread 0x0000000058dd8000 Uncommon trap: reason=unstable_if action=reinterpret pc=0x00000000029a4204 method=java.util.HashMap.getNode(ILjava/lang/Object;)Ljava/util/HashMap$Node; @ 129
Event: 1.720 Thread 0x0000000058dd8000 Uncommon trap: reason=unstable_if action=reinterpret pc=0x00000000029af4e0 method=java.util.BitSet.nextSetBit(I)I @ 87
Event: 1.803 Thread 0x0000000056a64800 Uncommon trap: reason=bimorphic action=maybe_recompile pc=0x0000000002a07b4c method=java.util.HashMap.getNode(ILjava/lang/Object;)Ljava/util/HashMap$Node; @ 126

Internal exceptions (2 events):
Event: 0.110 Thread 0x00000000022ce800 Exception <a 'java/lang/NoSuchMethodError': Method sun.misc.Unsafe.defineClass(Ljava/lang/String;[BII)Ljava/lang/Class; name or signature does not match> (0x00000000eab07cc0) thrown at [C:\re\workspace\8-2-build-windows-amd64-cygwin\jdk8u91\7017\hotspot\srà~²ë-¼?
Event: 0.110 Thread 0x00000000022ce800 Exception <a 'java/lang/NoSuchMethodError': Method sun.misc.Unsafe.prefetchRead(Ljava/lang/Object;J)V name or signature does not match> (0x00000000eab07fa8) thrown at [C:\re\workspace\8-2-build-windows-amd64-cygwin\jdk8u91\7017\hotspot\src\share\vm\prims\j

Events (10 events):
Event: 1.714 loading class java/util/HashMap$ValueIterator
Event: 1.714 loading class java/util/HashMap$ValueIterator done
Event: 1.720 Thread 0x0000000058dd8000 Uncommon trap: trap_request=0xffffff65 fr.pc=0x00000000029af4e0
Event: 1.720 Thread 0x0000000058dd8000 DEOPT PACKING pc=0x00000000029af4e0 sp=0x000000005957e880
Event: 1.720 Thread 0x0000000058dd8000 DEOPT UNPACKING pc=0x000000000280582a sp=0x000000005957e818 mode 2
Event: 1.803 Thread 0x0000000056a64800 Uncommon trap: trap_request=0xffffffc6 fr.pc=0x0000000002a07b4c
Event: 1.803 Thread 0x0000000056a64800 DEOPT PACKING pc=0x0000000002a07b4c sp=0x000000005895e790
Event: 1.803 Thread 0x0000000056a64800 DEOPT UNPACKING pc=0x000000000280582a sp=0x000000005895e6a8 mode 2
Event: 2.117 loading class com/android/dx/cf/code/SwitchList
Event: 2.117 loading class com/android/dx/cf/code/SwitchList done


Dynamic libraries:
0x000000013fa80000 - 0x000000013fab7000 	C:\Java\jdk1.8.0_91\bin\java.exe
0x00000000779a0000 - 0x0000000077b49000 	C:\Windows\SYSTEM32\ntdll.dll
0x0000000077780000 - 0x000000007789f000 	C:\Windows\system32\kernel32.dll
0x000007fefdb90000 - 0x000007fefdbfb000 	C:\Windows\system32\KERNELBASE.dll
0x000007fefe880000 - 0x000007fefe95b000 	C:\Windows\system32\ADVAPI32.dll
0x000007feff9f0000 - 0x000007feffa8f000 	C:\Windows\system32\msvcrt.dll
0x000007fefead0000 - 0x000007fefeaef000 	C:\Windows\SYSTEM32\sechost.dll
0x000007fefe420000 - 0x000007fefe54d000 	C:\Windows\system32\RPCRT4.dll
0x00000000778a0000 - 0x000000007799a000 	C:\Windows\system32\USER32.dll
0x000007fefdf20000 - 0x000007fefdf87000 	C:\Windows\system32\GDI32.dll
0x000007feffca0000 - 0x000007feffcae000 	C:\Windows\system32\LPK.dll
0x000007fefe960000 - 0x000007fefea29000 	C:\Windows\system32\USP10.dll
0x000007fefbfa0000 - 0x000007fefc194000 	C:\Windows\WinSxS\amd64_microsoft.windows.common-controls_6595b64144ccf1df_6.0.7601.17514_none_fa396087175ac9ac\COMCTL32.dll
0x000007fefe2c0000 - 0x000007fefe331000 	C:\Windows\system32\SHLWAPI.dll
0x000007fefeaf0000 - 0x000007fefeb1e000 	C:\Windows\system32\IMM32.DLL
0x000007fefdf90000 - 0x000007fefe099000 	C:\Windows\system32\MSCTF.dll
0x0000000077f20000 - 0x0000000077ff2000 	C:\Java\jdk1.8.0_91\jre\bin\msvcr100.dll
0x000000006fae0000 - 0x0000000070373000 	C:\Java\jdk1.8.0_91\jre\bin\server\jvm.dll
0x000007fef0ae0000 - 0x000007fef0ae9000 	C:\Windows\system32\WSOCK32.dll
0x000007feff9a0000 - 0x000007feff9ed000 	C:\Windows\system32\WS2_32.dll
0x000007feff990000 - 0x000007feff998000 	C:\Windows\system32\NSI.dll
0x000007fefad00000 - 0x000007fefad3b000 	C:\Windows\system32\WINMM.dll
0x000007fefca30000 - 0x000007fefca3c000 	C:\Windows\system32\VERSION.dll
0x0000000077b60000 - 0x0000000077b67000 	C:\Windows\system32\PSAPI.DLL
0x000000006e250000 - 0x000000006e25f000 	C:\Java\jdk1.8.0_91\jre\bin\verify.dll
0x00000000681b0000 - 0x00000000681d9000 	C:\Java\jdk1.8.0_91\jre\bin\java.dll
0x0000000068220000 - 0x0000000068236000 	C:\Java\jdk1.8.0_91\jre\bin\zip.dll
0x000007fefeb20000 - 0x000007feff8a8000 	C:\Windows\system32\SHELL32.dll
0x000007feffa90000 - 0x000007feffc93000 	C:\Windows\system32\ole32.dll
0x000007fefd8f0000 - 0x000007fefd8ff000 	C:\Windows\system32\profapi.dll

VM Arguments:
jvm_args: -Djava.awt.headless=true -Xmx1024M -Dfile.encoding=windows-1251 -Duser.country=RU -Duser.language=ru -Duser.variant 
java_command: com.android.dx.command.Main --dex --force-jumbo --num-threads=4 --multi-dex --output D:\Dropbox\BestBefore\app\build\intermediates\transforms\dex\debug\folders\1000\10\com.google.android.gms-play-services-appindexing-8.1.0_fc55a5bcb256a0897b08cbdfe1975c76e4e545cd D:\Dropbox\BestBefore\app\build\intermediates\exploded-aar\com.google.android.gms\play-services-appindexing\8.1.0\jars\classes.jar
java_class_path (initial): G:\ANDROID\SDK\build-tools\23.0.3\lib\dx.jar
Launcher Type: SUN_STANDARD

Environment Variables:
JAVA_HOME=C:\Java\jdk1.7.0_79
PATH=C:\ProgramData\Oracle\Java\javapath;C:\Program Files (x86)\NVIDIA Corporation\PhysX\Common;C:\Windows\system32;C:\Windows;C:\Windows\System32\Wbem;C:\Windows\System32\WindowsPowerShell\v1.0\;C:\Program Files\Microsoft SQL Server\110\Tools\Binn\;C:\Program Files (x86)\Common Files\Avid;C:\Program Files\Common Files\Avid;C:\Program Files (x86)\Skype\Phone\;C:\Program Files (x86)\Microsoft SQL Server\110\Tools\Binn\;C:\Program Files\Microsoft SQL Server\110\DTS\Binn\;C:\Program Files (x86)\Microsoft SQL Server\110\Tools\Binn\ManagementStudio\;C:\Program Files (x86)\Microsoft Visual Studio 10.0\Common7\IDE\PrivateAssemblies\;C:\Program Files (x86)\Microsoft SQL Server\110\DTS\Binn\;C:\Java\jdk1.7.0_79\bin;C:\Program Files\apache-maven-3.3.9\bin
USERNAME=Ivan
OS=Windows_NT
PROCESSOR_IDENTIFIER=Intel64 Family 6 Model 26 Stepping 5, GenuineIntel



---------------  S Y S T E M  ---------------

OS: Windows 7 , 64 bit Build 7601 (6.1.7601.17514)

CPU:total 8 (4 cores per cpu, 2 threads per core) family 6 model 26 stepping 5, cmov, cx8, fxsr, mmx, sse, sse2, sse3, ssse3, sse4.1, sse4.2, popcnt, ht, tsc, tscinvbit, tscinv

Memory: 4k page, physical 6282352k(77452k free), swap 12747664k(7724k free)

vm_info: Java HotSpot(TM) 64-Bit Server VM (25.91-b15) for windows-amd64 JRE (1.8.0_91-b15), built on May 20 2016 17:43:15 by "java_re" with MS VC++ 10.0 (VS2010)

time: Thu Jul 07 17:33:15 2016
elapsed time: 2 seconds (0d 0h 0m 2s)

